<?xml version="1.0" encoding="UTF-8"?>
<!-- Generated by org.testng.reporters.JUnitReportReporter -->
<testsuite hostname="vova-Lenovo-ideapad-310-15IKB" name="ValidPostRequest" tests="1" failures="0" timestamp="2 Sep 2019 19:47:41 GMT" time="0.021" errors="0">
  <testcase name="validPostRequest" time="0.021" classname="ValidPostRequest"/>
</testsuite> <!-- ValidPostRequest -->
