<?xml version="1.0" encoding="UTF-8"?>
<!-- Generated by org.testng.reporters.JUnitReportReporter -->
<testsuite hostname="vova-Lenovo-ideapad-310-15IKB" name="ValidGetRequest" tests="1" failures="0" timestamp="30 Aug 2019 10:34:07 GMT" time="0.063" errors="0">
  <testcase name="validGetRequest" time="0.063" classname="ValidGetRequest"/>
</testsuite> <!-- ValidGetRequest -->
